usbSerialExamples/build/intermediates/manifest_merge_blame_file/debug/manifest-merger-blame-debug-report.txt
1<?xml version="1.0" encoding="utf-8"?>
2<manifest xmlns:android="http://schemas.android.com/apk/res/android"
3    package="com.hoho.android.usbserial.examples"
4    android:versionCode="1"
5    android:versionName="1.0" >
6
7    <uses-sdk
8        android:minSdkVersion="17"
8-->src\main\AndroidManifest.xml
9        android:targetSdkVersion="28" />
9-->src\main\AndroidManifest.xml
10
11    <uses-feature android:name="android.hardware.usb.host" />
11-->src\main\AndroidManifest.xml:7:5-62
11-->src\main\AndroidManifest.xml:7:19-59
12
13    <application
13-->src\main\AndroidManifest.xml:9:5-35:19
14        android:debuggable="true"
15        android:icon="@drawable/ic_launcher"
15-->src\main\AndroidManifest.xml:10:9-45
16        android:label="@string/app_name" >
16-->src\main\AndroidManifest.xml:11:9-41
17        <activity
17-->src\main\AndroidManifest.xml:12:9-29:20
18            android:name="com.hoho.android.usbserial.examples.DeviceListActivity"
18-->src\main\AndroidManifest.xml:13:13-82
19            android:label="@string/app_name"
19-->src\main\AndroidManifest.xml:14:13-45
20            android:theme="@android:style/Theme.Black.NoTitleBar.Fullscreen" >
20-->src\main\AndroidManifest.xml:15:13-77
21            <intent-filter>
21-->src\main\AndroidManifest.xml:16:13-21:29
22                <action android:name="android.intent.action.MAIN" />
22-->src\main\AndroidManifest.xml:17:17-69
22-->src\main\AndroidManifest.xml:17:25-66
23
24                <category android:name="android.intent.category.DEFAULT" />
24-->src\main\AndroidManifest.xml:19:17-76
24-->src\main\AndroidManifest.xml:19:27-73
25                <category android:name="android.intent.category.LAUNCHER" />
25-->src\main\AndroidManifest.xml:20:17-77
25-->src\main\AndroidManifest.xml:20:27-74
26            </intent-filter>
27            <intent-filter>
27-->src\main\AndroidManifest.xml:22:13-24:29
28                <action android:name="android.hardware.usb.action.USB_DEVICE_ATTACHED" />
28-->src\main\AndroidManifest.xml:23:17-90
28-->src\main\AndroidManifest.xml:23:25-87
29            </intent-filter>
30
31            <meta-data
31-->src\main\AndroidManifest.xml:26:13-28:57
32                android:name="android.hardware.usb.action.USB_DEVICE_ATTACHED"
32-->src\main\AndroidManifest.xml:27:17-79
33                android:resource="@xml/device_filter" />
33-->src\main\AndroidManifest.xml:28:17-54
34        </activity>
35        <activity
35-->src\main\AndroidManifest.xml:30:9-34:20
36            android:name="com.hoho.android.usbserial.examples.SerialConsoleActivity"
36-->src\main\AndroidManifest.xml:31:13-85
37            android:label="@string/app_name"
37-->src\main\AndroidManifest.xml:32:13-45
38            android:theme="@android:style/Theme.Black.NoTitleBar.Fullscreen" >
38-->src\main\AndroidManifest.xml:33:13-77
39        </activity>
40    </application>
41
42</manifest>